<?xml version="1.0" encoding="UTF-8"?>
<!-- Generated by org.testng.reporters.JUnitXMLReporter -->
<testsuite hostname="MSKUMAR-PC" ignored="0" name="Default test" tests="7" failures="0" timestamp="23 Feb 2020 13:00:21 GMT" time="0.179" errors="0">
  <testcase name="testMethodOne" time="0.01" classname="testNgDemo.TestNgDemoOne"/>
  <testcase name="testMethodTwo" time="0.002" classname="testNgDemo.TestNgDemoOne"/>
  <testcase name="test1" time="0.004" classname="testNgDemo.TestNgDemoOne2$InvocationTest"/>
  <testcase name="test1" time="0.013" classname="testNgDemo.TestNgDemoOne2$InvocationTest"/>
  <testcase name="test1" time="0.002" classname="testNgDemo.TestNgDemoOne2$InvocationTest"/>
  <testcase name="test1" time="0.002" classname="testNgDemo.TestNgDemoOne2$InvocationTest"/>
  <testcase name="test1" time="0.003" classname="testNgDemo.TestNgDemoOne2$InvocationTest"/>
</testsuite> <!-- Default test -->
