<?xml version="1.0" encoding="UTF-8"?>
<testng-results skipped="0" failed="0" ignored="0" total="7" passed="7">
  <reporter-output>
  </reporter-output>
  <suite name="Default suite" duration-ms="179" started-at="2020-02-23T13:00:21Z" finished-at="2020-02-23T13:00:21Z">
    <groups>
    </groups>
    <test name="Default test" duration-ms="179" started-at="2020-02-23T13:00:21Z" finished-at="2020-02-23T13:00:21Z">
      <class name="testNgDemo.TestNgDemoOne2">
        <test-method status="PASS" signature="beforeSuite()[pri:0, instance:testNgDemo.TestNgDemoOne2@1375618]" name="beforeSuite" is-config="true" duration-ms="77" started-at="2020-02-23T13:00:21Z" finished-at="2020-02-23T13:00:21Z">
          <reporter-output>
          </reporter-output>
        </test-method> <!-- beforeSuite -->
        <test-method status="PASS" signature="beforeClass()[pri:0, instance:testNgDemo.TestNgDemoOne2@1375618]" name="beforeClass" is-config="true" duration-ms="0" started-at="2020-02-23T13:00:21Z" finished-at="2020-02-23T13:00:21Z">
          <reporter-output>
          </reporter-output>
        </test-method> <!-- beforeClass -->
        <test-method status="PASS" signature="beforeMethod()[pri:0, instance:testNgDemo.TestNgDemoOne2@1375618]" name="beforeMethod" is-config="true" duration-ms="1" started-at="2020-02-23T13:00:21Z" finished-at="2020-02-23T13:00:21Z">
          <reporter-output>
          </reporter-output>
        </test-method> <!-- beforeMethod -->
        <test-method status="PASS" signature="testMethodOne()[pri:0, instance:testNgDemo.TestNgDemoOne2@1375618]" name="testMethodOne" duration-ms="10" started-at="2020-02-23T13:00:21Z" finished-at="2020-02-23T13:00:21Z">
          <reporter-output>
          </reporter-output>
        </test-method> <!-- testMethodOne -->
        <test-method status="PASS" signature="afterMethod()[pri:0, instance:testNgDemo.TestNgDemoOne2@1375618]" name="afterMethod" is-config="true" duration-ms="1" started-at="2020-02-23T13:00:21Z" finished-at="2020-02-23T13:00:21Z">
          <reporter-output>
          </reporter-output>
        </test-method> <!-- afterMethod -->
        <test-method status="PASS" signature="testMethodTwo()[pri:0, instance:testNgDemo.TestNgDemoOne2@1375618]" name="testMethodTwo" duration-ms="2" started-at="2020-02-23T13:00:21Z" finished-at="2020-02-23T13:00:21Z">
          <reporter-output>
          </reporter-output>
        </test-method> <!-- testMethodTwo -->
        <test-method status="PASS" signature="beforeMethod()[pri:0, instance:testNgDemo.TestNgDemoOne2@1375618]" name="beforeMethod" is-config="true" duration-ms="0" started-at="2020-02-23T13:00:21Z" finished-at="2020-02-23T13:00:21Z">
          <reporter-output>
          </reporter-output>
        </test-method> <!-- beforeMethod -->
        <test-method status="PASS" signature="afterMethod()[pri:0, instance:testNgDemo.TestNgDemoOne2@1375618]" name="afterMethod" is-config="true" duration-ms="0" started-at="2020-02-23T13:00:21Z" finished-at="2020-02-23T13:00:21Z">
          <reporter-output>
          </reporter-output>
        </test-method> <!-- afterMethod -->
        <test-method status="PASS" signature="afterClass()[pri:0, instance:testNgDemo.TestNgDemoOne2@1375618]" name="afterClass" is-config="true" duration-ms="0" started-at="2020-02-23T13:00:21Z" finished-at="2020-02-23T13:00:21Z">
          <reporter-output>
          </reporter-output>
        </test-method> <!-- afterClass -->
        <test-method status="PASS" signature="afterSuite()[pri:0, instance:testNgDemo.TestNgDemoOne2@1375618]" name="afterSuite" is-config="true" duration-ms="1" started-at="2020-02-23T13:00:21Z" finished-at="2020-02-23T13:00:21Z">
          <reporter-output>
          </reporter-output>
        </test-method> <!-- afterSuite -->
      </class> <!-- testNgDemo.TestNgDemoOne2 -->
      <class name="testNgDemo.TestNgDemoOne2$InvocationTest">
        <test-method status="PASS" signature="test1()[pri:0, instance:testNgDemo.TestNgDemoOne2$InvocationTest@10399e]" name="test1" duration-ms="4" started-at="2020-02-23T13:00:21Z" finished-at="2020-02-23T13:00:21Z">
          <reporter-output>
          </reporter-output>
        </test-method> <!-- test1 -->
        <test-method status="PASS" signature="test1()[pri:0, instance:testNgDemo.TestNgDemoOne2$InvocationTest@10399e]" name="test1" duration-ms="13" started-at="2020-02-23T13:00:21Z" finished-at="2020-02-23T13:00:21Z">
          <reporter-output>
          </reporter-output>
        </test-method> <!-- test1 -->
        <test-method status="PASS" signature="test1()[pri:0, instance:testNgDemo.TestNgDemoOne2$InvocationTest@10399e]" name="test1" duration-ms="2" started-at="2020-02-23T13:00:21Z" finished-at="2020-02-23T13:00:21Z">
          <reporter-output>
          </reporter-output>
        </test-method> <!-- test1 -->
        <test-method status="PASS" signature="test1()[pri:0, instance:testNgDemo.TestNgDemoOne2$InvocationTest@10399e]" name="test1" duration-ms="2" started-at="2020-02-23T13:00:21Z" finished-at="2020-02-23T13:00:21Z">
          <reporter-output>
          </reporter-output>
        </test-method> <!-- test1 -->
        <test-method status="PASS" signature="test1()[pri:0, instance:testNgDemo.TestNgDemoOne2$InvocationTest@10399e]" name="test1" duration-ms="3" started-at="2020-02-23T13:00:21Z" finished-at="2020-02-23T13:00:21Z">
          <reporter-output>
          </reporter-output>
        </test-method> <!-- test1 -->
      </class> <!-- testNgDemo.TestNgDemoOne2$InvocationTest -->
    </test> <!-- Default test -->
  </suite> <!-- Default suite -->
</testng-results>
